<?xml version="1.0" encoding="UTF-8"?>
<!-- Generated by org.testng.reporters.JUnitXMLReporter -->
<testsuite ignored="0" hostname="DESKTOP-TEV0DC6" failures="1" tests="3" name="Pet Tests" time="7.163" errors="0" timestamp="2025-07-11T14:05:17 IST">
  <testcase classname="api.test.StoreTest" name="testPlaceOrder" time="3.051"/>
  <testcase classname="api.test.StoreTest" name="testOrderById" time="1.857">
    <failure type="java.lang.AssertionError" message="expected [200] but found [404]">
      <![CDATA[java.lang.AssertionError: expected [200] but found [404]
at api.test.StoreTest.testOrderById(StoreTest.java:53)
at java.base/java.util.ArrayList.forEach(ArrayList.java:1604)
... Removed 32 stack frames]]>
    </failure>
  </testcase> <!-- testOrderById -->
  <testcase classname="api.test.StoreTest" name="deleteOrderById" time="1.472"/>
</testsuite> <!-- Pet Tests -->
