<?xml version="1.0" encoding="UTF-8"?>
<!-- Generated by org.testng.reporters.JUnitXMLReporter -->
<testsuite ignored="0" hostname="DESKTOP-TEV0DC6" failures="4" tests="4" name="PetStore All Tests" time="2.394" errors="0" timestamp="2025-07-12T15:08:08 IST">
  <testcase classname="api.test.PetTest2" name="testCreatePet" time="0.01">
    <failure type="java.util.MissingResourceException" message="Can&amp;apos;t find bundle for base name routes, locale en_IN">
      <![CDATA[java.util.MissingResourceException: Can't find bundle for base name routes, locale en_IN
at java.base/java.util.ResourceBundle.throwMissingResourceException(ResourceBundle.java:2012)
at java.base/java.util.ResourceBundle.getBundleImpl(ResourceBundle.java:1664)
at java.base/java.util.ResourceBundle.getBundleImpl(ResourceBundle.java:1574)
at java.base/java.util.ResourceBundle.getBundleImpl(ResourceBundle.java:1529)
at java.base/java.util.ResourceBundle.getBundle(ResourceBundle.java:848)
at api.endpoints.PetEndPoints2.getURL(PetEndPoints2.java:20)
at api.endpoints.PetEndPoints2.createPet(PetEndPoints2.java:26)
at api.test.PetTest2.testCreatePet(PetTest2.java:57)
at java.base/java.util.ArrayList.forEach(ArrayList.java:1604)
... Removed 25 stack frames]]>
    </failure>
  </testcase> <!-- testCreatePet -->
  <testcase classname="api.test.PetTest2" name="testGetPetById" time="2.004">
    <failure type="java.util.MissingResourceException" message="Can&amp;apos;t find bundle for base name routes, locale en_IN">
      <![CDATA[java.util.MissingResourceException: Can't find bundle for base name routes, locale en_IN
at java.base/java.util.ResourceBundle.throwMissingResourceException(ResourceBundle.java:2012)
at java.base/java.util.ResourceBundle.getBundleImpl(ResourceBundle.java:1664)
at java.base/java.util.ResourceBundle.getBundleImpl(ResourceBundle.java:1574)
at java.base/java.util.ResourceBundle.getBundleImpl(ResourceBundle.java:1529)
at java.base/java.util.ResourceBundle.getBundle(ResourceBundle.java:848)
at api.endpoints.PetEndPoints2.getURL(PetEndPoints2.java:20)
at api.endpoints.PetEndPoints2.getPetById(PetEndPoints2.java:42)
at api.test.PetTest2.testGetPetById(PetTest2.java:67)
at java.base/java.util.ArrayList.forEach(ArrayList.java:1604)
... Removed 25 stack frames]]>
    </failure>
  </testcase> <!-- testGetPetById -->
  <testcase classname="api.test.PetTest2" name="updatePet" time="0.003">
    <failure type="java.util.MissingResourceException" message="Can&amp;apos;t find bundle for base name routes, locale en_IN">
      <![CDATA[java.util.MissingResourceException: Can't find bundle for base name routes, locale en_IN
at java.base/java.util.ResourceBundle.throwMissingResourceException(ResourceBundle.java:2012)
at java.base/java.util.ResourceBundle.getBundleImpl(ResourceBundle.java:1664)
at java.base/java.util.ResourceBundle.getBundleImpl(ResourceBundle.java:1574)
at java.base/java.util.ResourceBundle.getBundleImpl(ResourceBundle.java:1529)
at java.base/java.util.ResourceBundle.getBundle(ResourceBundle.java:848)
at api.endpoints.PetEndPoints2.getURL(PetEndPoints2.java:20)
at api.endpoints.PetEndPoints2.updatePet(PetEndPoints2.java:54)
at api.test.PetTest2.updatePet(PetTest2.java:77)
at java.base/java.util.ArrayList.forEach(ArrayList.java:1604)
... Removed 25 stack frames]]>
    </failure>
  </testcase> <!-- updatePet -->
  <testcase classname="api.test.PetTest2" name="deletePet" time="0.002">
    <failure type="java.util.MissingResourceException" message="Can&amp;apos;t find bundle for base name routes, locale en_IN">
      <![CDATA[java.util.MissingResourceException: Can't find bundle for base name routes, locale en_IN
at java.base/java.util.ResourceBundle.throwMissingResourceException(ResourceBundle.java:2012)
at java.base/java.util.ResourceBundle.getBundleImpl(ResourceBundle.java:1664)
at java.base/java.util.ResourceBundle.getBundleImpl(ResourceBundle.java:1574)
at java.base/java.util.ResourceBundle.getBundleImpl(ResourceBundle.java:1529)
at java.base/java.util.ResourceBundle.getBundle(ResourceBundle.java:848)
at api.endpoints.PetEndPoints2.getURL(PetEndPoints2.java:20)
at api.endpoints.PetEndPoints2.deletePet(PetEndPoints2.java:67)
at api.test.PetTest2.deletePet(PetTest2.java:86)
at java.base/java.util.ArrayList.forEach(ArrayList.java:1604)
... Removed 25 stack frames]]>
    </failure>
  </testcase> <!-- deletePet -->
</testsuite> <!-- PetStore All Tests -->
