<?xml version="1.0" encoding="UTF-8"?>
<!-- Generated by org.testng.reporters.JUnitXMLReporter -->
<testsuite ignored="0" hostname="DESKTOP-TEV0DC6" failures="2" tests="11" name="PetStore Core Tests" time="19.444" errors="0" timestamp="2025-07-11T14:12:34 IST">
  <testcase classname="api.test.UserTests" name="testPostUser" time="3.074"/>
  <testcase classname="api.test.UserTests" name="testGetUser" time="1.151"/>
  <testcase classname="api.test.UserTests" name="testUpdateUser" time="2.307"/>
  <testcase classname="api.test.UserTests" name="testDeleteUser" time="1.352"/>
  <testcase classname="api.test.StoreTest" name="testPlaceOrder" time="1.188"/>
  <testcase classname="api.test.StoreTest" name="testOrderById" time="1.256">
    <failure type="java.lang.AssertionError" message="expected [200] but found [404]">
      <![CDATA[java.lang.AssertionError: expected [200] but found [404]
at api.test.StoreTest.testOrderById(StoreTest.java:53)
at java.base/java.util.ArrayList.forEach(ArrayList.java:1604)
... Removed 32 stack frames]]>
    </failure>
  </testcase> <!-- testOrderById -->
  <testcase classname="api.test.StoreTest" name="deleteOrderById" time="1.095"/>
  <testcase classname="api.test.PetTest" name="testCreatePet" time="1.153"/>
  <testcase classname="api.test.PetTest" name="testGetPetById" time="3.375">
    <failure type="java.lang.AssertionError" message="expected [200] but found [404]">
      <![CDATA[java.lang.AssertionError: expected [200] but found [404]
at api.test.PetTest.testGetPetById(PetTest.java:63)
at java.base/java.util.ArrayList.forEach(ArrayList.java:1604)
... Removed 32 stack frames]]>
    </failure>
  </testcase> <!-- testGetPetById -->
  <testcase classname="api.test.PetTest" name="updatePet" time="1.237"/>
  <testcase classname="api.test.PetTest" name="deletePet" time="1.219"/>
</testsuite> <!-- PetStore Core Tests -->
