<?xml version="1.0" encoding="UTF-8"?>
<!-- Generated by org.testng.reporters.JUnitXMLReporter -->
<testsuite ignored="0" hostname="DESKTOP-TEV0DC6" failures="0" tests="7" name="Store User API Tests" time="14.737" errors="0" timestamp="2025-07-09T11:28:12 IST">
  <testcase classname="api.test.StoreTest" name="testPlaceOrder" time="2.218"/>
  <testcase classname="api.test.StoreTest" name="testOrderById" time="1.085"/>
  <testcase classname="api.test.StoreTest" name="deleteOrderById" time="3.218"/>
  <testcase classname="api.test.UserTests" name="testPostUser" time="1.103"/>
  <testcase classname="api.test.UserTests" name="testGetUser" time="3.15"/>
  <testcase classname="api.test.UserTests" name="testUpdateUser" time="2.263"/>
  <testcase classname="api.test.UserTests" name="testDeleteUser" time="1.115"/>
</testsuite> <!-- Store User API Tests -->
