<?xml version="1.0" encoding="UTF-8"?>
<!-- Generated by org.testng.reporters.JUnitXMLReporter -->
<testsuite ignored="0" hostname="DESKTOP-TEV0DC6" failures="0" tests="3" name="Default test" time="14.803" errors="0" timestamp="2025-08-14T12:56:38 IST">
  <testcase classname="api.test.DDTests" name="testCreateAndDeleteUser" time="5.059"/>
  <testcase classname="api.test.DDTests" name="testCreateAndDeleteUser" time="4.154"/>
  <testcase classname="api.test.DDTests" name="testCreateAndDeleteUser" time="4.48"/>
</testsuite> <!-- Default test -->
