<?xml version="1.0" encoding="UTF-8"?>
<!-- Generated by org.testng.reporters.JUnitXMLReporter -->
<testsuite ignored="0" hostname="DESKTOP-TEV0DC6" failures="1" tests="3" name="Test" time="4.616" errors="0" timestamp="2025-07-09T11:24:03 IST">
  <testcase classname="api.test.StoreTest" name="testPlaceOrder" time="2.283"/>
  <testcase classname="api.test.StoreTest" name="testOrderById" time="1.165">
    <failure type="java.lang.AssertionError" message="expected [200] but found [404]">
      <![CDATA[java.lang.AssertionError: expected [200] but found [404]
at api.test.StoreTest.testOrderById(StoreTest.java:42)
at java.base/java.util.ArrayList.forEach(ArrayList.java:1604)
... Removed 32 stack frames]]>
    </failure>
  </testcase> <!-- testOrderById -->
  <testcase classname="api.test.StoreTest" name="deleteOrderById" time="1.102"/>
</testsuite> <!-- Test -->
