<?xml version="1.0" encoding="UTF-8"?>
<!-- Generated by org.testng.reporters.JUnitXMLReporter -->
<testsuite ignored="0" hostname="DESKTOP-TEV0DC6" failures="0" tests="3" name="Store API Tests" time="5.059" errors="0" timestamp="2025-07-09T11:25:49 IST">
  <testcase classname="api.test.StoreTest" name="testPlaceOrder" time="2.271"/>
  <testcase classname="api.test.StoreTest" name="testOrderById" time="1.397"/>
  <testcase classname="api.test.StoreTest" name="deleteOrderById" time="1.146"/>
</testsuite> <!-- Store API Tests -->
