<?xml version="1.0" encoding="UTF-8"?>
<!-- Generated by org.testng.reporters.JUnitXMLReporter -->
<testsuite ignored="0" hostname="DESKTOP-TEV0DC6" failures="0" tests="4" name="PetTest" time="7.457" errors="0" timestamp="2025-07-08T12:53:56 IST">
  <testcase classname="api.test.UserTests" name="testPostUser" time="2.242"/>
  <testcase classname="api.test.UserTests" name="testGetUser" time="1.105"/>
  <testcase classname="api.test.UserTests" name="testUpdateUser" time="2.352"/>
  <testcase classname="api.test.UserTests" name="testDeleteUser" time="1.174"/>
</testsuite> <!-- PetTest -->
